2017-09-29 14:18:38,614 - log/train.log - INFO - num_chars      :	4376
2017-09-29 14:18:38,614 - log/train.log - INFO - char_dim       :	100
2017-09-29 14:18:38,615 - log/train.log - INFO - num_tags       :	7
2017-09-29 14:18:38,615 - log/train.log - INFO - seg_dim        :	20
2017-09-29 14:18:38,615 - log/train.log - INFO - lstm_dim       :	100
2017-09-29 14:18:38,615 - log/train.log - INFO - emb_file       :	wiki_100.utf8
2017-09-29 14:18:38,616 - log/train.log - INFO - clip           :	5
2017-09-29 14:18:38,616 - log/train.log - INFO - dropout_keep   :	0.5
2017-09-29 14:18:38,616 - log/train.log - INFO - optimizer      :	sgd
2017-09-29 14:18:38,616 - log/train.log - INFO - lr             :	0.001
2017-09-29 14:18:38,616 - log/train.log - INFO - tag_schema     :	iobes
2017-09-29 14:18:38,617 - log/train.log - INFO - pre_emb        :	True
2017-09-29 14:18:38,617 - log/train.log - INFO - zeros          :	False
2017-09-29 14:18:38,617 - log/train.log - INFO - lower          :	True
2017-09-29 14:18:38,617 - log/train.log - INFO - batch_size     :	128
2017-09-29 14:18:53,397 - log/train.log - INFO - Created model with fresh parameters.
2017-09-29 14:19:02,914 - log/train.log - INFO - Load pre-trained embedding.
2017-09-29 14:19:02,915 - log/train.log - INFO - start training
2017-09-29 14:19:07,433 - log/train.log - INFO - iteration:1 step:1/4499, NER loss:409.916077
2017-09-29 14:19:11,662 - log/train.log - INFO - iteration:2 step:2/4499, NER loss:552.015137
2017-09-29 14:19:15,307 - log/train.log - INFO - iteration:3 step:3/4499, NER loss:457.636932
2017-09-29 14:19:19,404 - log/train.log - INFO - iteration:4 step:4/4499, NER loss:337.919617
2017-09-29 14:19:23,751 - log/train.log - INFO - iteration:5 step:5/4499, NER loss:366.168396
2017-09-29 14:19:23,752 - log/train.log - INFO - evaluate:dev
